<?xml version="1.0" encoding="UTF-8"?>
<!-- Generated by org.testng.reporters.JUnitXMLReporter -->
<testsuite ignored="0" hostname="Shubhams-MacBook-Air.local" failures="0" tests="2" name="/Users/shubhamsharma/IdeaProjects/RestAssured Practise(failed)" time="3.401" errors="0" timestamp="2022-09-07T12:11:45 IST">
  <testcase classname="org.practise.DynamicJson" name="addBook" time="3.076"/>
  <testcase classname="org.practise.DynamicJson" name="addBook" time="0.222"/>
</testsuite> <!-- /Users/shubhamsharma/IdeaProjects/RestAssured Practise(failed) -->
